[14:16:34] [main/INFO] (FabricLoader) Loading for game Minecraft 1.18
[14:16:35] [main/INFO] (Fabric|Loader) [FabricLoader] Loading 48 mods:
	- fabric@0.37.2+1.18_experimental
	- fabric-api-base@0.3.0+a02b446390
	- fabric-api-lookup-api-v1@1.2.1+e72a3bf490
	- fabric-blockrenderlayer-v1@1.1.5+a02b446390
	- fabric-command-api-v1@1.1.2+6cefd57790
	- fabric-commands-v0@0.2.2+92519afa90
	- fabric-containers-v0@0.1.13+e72a3bf490
	- fabric-content-registries-v0@0.2.2+a02b446390
	- fabric-crash-report-info-v1@0.1.5+be9da31090
	- fabric-dimensions-v1@2.0.11+6cefd57790
	- fabric-entity-events-v1@1.1.0+a02b446390
	- fabric-events-interaction-v0@0.4.9+a722d8c090
	- fabric-events-lifecycle-v0@0.2.1+92519afa90
	- fabric-game-rule-api-v1@1.0.7+6cefd57790
	- fabric-item-api-v1@1.2.5+e72a3bf490
	- fabric-item-groups-v0@0.2.10+b7ab612190
	- fabric-key-binding-api-v1@1.0.4+a02b446390
	- fabric-keybindings-v0@0.2.2+36b77c3e90
	- fabric-lifecycle-events-v1@1.4.4+a02b446390
	- fabric-loot-tables-v1@1.0.4+a02b446390
	- fabric-mining-levels-v0@0.1.3+92519afa90
	- fabric-models-v0@0.3.0+a02b446390
	- fabric-networking-api-v1@1.0.13+e72a3bf490
	- fabric-networking-blockentity-v0@0.2.11+a02b446390
	- fabric-networking-v0@0.3.2+92519afa90
	- fabric-object-builder-api-v1@1.10.9+b7ab612190
	- fabric-object-builders-v0@0.7.3+a02b446390
	- fabric-particles-v1@0.2.4+a02b446390
	- fabric-registry-sync-v0@0.7.10+e2961fee90
	- fabric-renderer-api-v1@0.4.4+5f02c96990
	- fabric-renderer-indigo@0.4.8+a02b446390
	- fabric-renderer-registries-v1@3.2.0+a02b446390
	- fabric-rendering-data-attachment-v1@0.1.5+a02b446390
	- fabric-rendering-fluids-v1@0.1.13+a02b446390
	- fabric-rendering-v0@1.1.2+92519afa90
	- fabric-rendering-v1@1.6.0+a02b446390
	- fabric-resource-loader-v0@0.4.7+b7ab612190
	- fabric-screen-api-v1@1.0.5+e72a3bf490
	- fabric-screen-handler-api-v1@1.1.9+e72a3bf490
	- fabric-structure-api-v1@1.1.12+6cefd57790
	- fabric-tag-extensions-v0@1.1.4+a02b446390
	- fabric-textures-v0@1.0.6+a02b446390
	- fabric-tool-attribute-api-v1@1.2.12+b7ab612190
	- fabric-transfer-api-v1@1.0.0+3fe3c3f590
	- fabricloader@0.11.6
	- java@16
	- minecraft@1.18
	- minend@0.1-alpha-test
[14:16:35] [main/WARN] (Fabric|Loader) Mod `fabric` (0.37.2+1.18_experimental) does not respect SemVer - comparison support is limited.
[14:16:36] [main/INFO] (mixin) SpongePowered MIXIN Subsystem Version=0.8.2 Source=file:/C:/Users/samsung/.gradle/caches/modules-2/files-2.1/net.fabricmc/sponge-mixin/0.9.4+mixin.0.8.2/ef410951e94c7f4939cc74c86f8df371827818a4/sponge-mixin-0.9.4+mixin.0.8.2.jar Service=Knot/Fabric Env=CLIENT
[14:16:36] [main/INFO] (Fabric|MixinBootstrap) Loaded Fabric development mappings for mixin remapper!
[14:16:37] [main/INFO] (mixin) Compatibility level set to JAVA_16
[14:16:40] [main/WARN] (mixin) @Mixin target net/minecraft/server/world/ServerWorld$ServerEntityHandler is public in fabric-lifecycle-events-v1.mixins.json:ServerWorldEntityLoaderMixin and should be specified in value
[14:16:40] [main/WARN] (mixin) @Mixin target net/minecraft/client/world/ClientWorld$ClientEntityHandler is public in fabric-lifecycle-events-v1.mixins.json:client.ClientWorldEntityLoaderMixin and should be specified in value
[14:16:40] [main/WARN] (mixin) @Mixin target net/minecraft/client/render/block/BlockModelRenderer$AmbientOcclusionCalculator is public in fabric-renderer-indigo.mixins.json:MixinAmbientOcclusionCalculator and should be specified in value
[14:16:40] [main/WARN] (mixin) @Mixin target net/minecraft/client/render/chunk/ChunkBuilder$BuiltChunk$RebuildTask is public in fabric-renderer-indigo.mixins.json:MixinChunkRebuildTask and should be specified in value
[14:16:41] [main/WARN] (mixin) @Mixin target net/minecraft/server/network/ServerPlayNetworkHandler$1 is public in fabric-events-interaction-v0.mixins.json:MixinServerPlayNetworkHandler and should be specified in value
[14:16:42] [main/WARN] (mixin) @Mixin target net/minecraft/village/TradeOffers$TypeAwareBuyForOneEmeraldFactory is public in fabric-object-builder-v1.mixins.json:TypeAwareTradeMixin and should be specified in value
[14:16:43] [main/WARN] (mixin) @Mixin target net/minecraft/client/font/FontManager$1 is public in fabric-resource-loader-v0.mixins.json:client.FontManagerResourceReloadListenerMixin and should be specified in value
[14:16:43] [main/WARN] (mixin) @Mixin target net/minecraft/server/command/GameRuleCommand$1 is public in fabric-game-rule-api-v1.mixins.json:GameRuleCommandVisitorMixin and should be specified in value
[14:16:43] [main/WARN] (mixin) @Mixin target net/minecraft/client/gui/screen/world/EditGameRulesScreen$RuleListWidget$1 is public in fabric-game-rule-api-v1.mixins.json:client.RuleListWidgetVisitorMixin and should be specified in value
[14:16:43] [main/WARN] (mixin) @Mixin target net/minecraft/server/world/ThreadedAnvilChunkStorage$EntityTracker is public in fabric-networking-api-v1.mixins.json:accessor.EntityTrackerAccessor and should be specified in value
[14:16:43] [main/WARN] (mixin) @Mixin target net/minecraft/client/particle/ParticleManager$SimpleSpriteProvider is public in fabric-particles-v1.mixins.json:ParticleManagerAccessor$SimpleSpriteProviderAccessor and should be specified in value
[14:16:43] [main/WARN] (mixin) @Mixin target net/minecraft/data/server/AbstractTagProvider$ObjectBuilder is public in fabric-tag-extensions-v0.mixins.json:MixinObjectBuilder and should be specified in value
[14:16:43] [main/WARN] (mixin) @Mixin target net/minecraft/tag/RequiredTagList$TagWrapper is public in fabric-tag-extensions-v0.mixins.json:MixinTagImpl and should be specified in value
[14:16:45] [main/ERROR] (mixin) minend.mixins.json:itemevents: Super class 'net.minecraft.entity.ItemEntity' of itemevents was not found in the hierarchy of target class 'net/minecraft/entity/ItemEntity'
org.spongepowered.asm.mixin.transformer.throwables.InvalidMixinException: Super class 'net.minecraft.entity.ItemEntity' of itemevents was not found in the hierarchy of target class 'net/minecraft/entity/ItemEntity'
	at org.spongepowered.asm.mixin.transformer.MixinInfo$SubType$Standard.validate(MixinInfo.java:590) ~[sponge-mixin-0.9.4+mixin.0.8.2.jar:0.9.4+mixin.0.8.2]
	at org.spongepowered.asm.mixin.transformer.MixinInfo$State.validate(MixinInfo.java:326) ~[sponge-mixin-0.9.4+mixin.0.8.2.jar:0.9.4+mixin.0.8.2]
	at org.spongepowered.asm.mixin.transformer.MixinInfo.validate(MixinInfo.java:904) ~[sponge-mixin-0.9.4+mixin.0.8.2.jar:0.9.4+mixin.0.8.2]
	at org.spongepowered.asm.mixin.transformer.MixinConfig.postInitialise(MixinConfig.java:674) [sponge-mixin-0.9.4+mixin.0.8.2.jar:0.9.4+mixin.0.8.2]
	at org.spongepowered.asm.mixin.transformer.MixinProcessor.prepareConfigs(MixinProcessor.java:542) [sponge-mixin-0.9.4+mixin.0.8.2.jar:0.9.4+mixin.0.8.2]
	at org.spongepowered.asm.mixin.transformer.MixinProcessor.select(MixinProcessor.java:439) [sponge-mixin-0.9.4+mixin.0.8.2.jar:0.9.4+mixin.0.8.2]
	at org.spongepowered.asm.mixin.transformer.MixinProcessor.checkSelect(MixinProcessor.java:415) [sponge-mixin-0.9.4+mixin.0.8.2.jar:0.9.4+mixin.0.8.2]
	at org.spongepowered.asm.mixin.transformer.MixinProcessor.applyMixins(MixinProcessor.java:285) [sponge-mixin-0.9.4+mixin.0.8.2.jar:0.9.4+mixin.0.8.2]
	at org.spongepowered.asm.mixin.transformer.MixinTransformer.transformClass(MixinTransformer.java:208) [sponge-mixin-0.9.4+mixin.0.8.2.jar:0.9.4+mixin.0.8.2]
	at org.spongepowered.asm.mixin.transformer.MixinTransformer.transformClassBytes(MixinTransformer.java:178) [sponge-mixin-0.9.4+mixin.0.8.2.jar:0.9.4+mixin.0.8.2]
	at org.spongepowered.asm.mixin.transformer.FabricMixinTransformerProxy.transformClassBytes(FabricMixinTransformerProxy.java:23) [fabric-loader-0.11.6.jar:0.9.4+mixin.0.8.2]
	at net.fabricmc.loader.launch.knot.KnotClassDelegate.getPostMixinClassByteArray(KnotClassDelegate.java:162) [fabric-loader-0.11.6.jar:?]
	at net.fabricmc.loader.launch.knot.KnotClassLoader.loadClass(KnotClassLoader.java:154) [fabric-loader-0.11.6.jar:?]
	at java.lang.ClassLoader.loadClass(ClassLoader.java:519) [?:?]
	at net.fabricmc.loader.game.MinecraftGameProvider.launch(MinecraftGameProvider.java:232) [fabric-loader-0.11.6.jar:?]
	at net.fabricmc.loader.launch.knot.Knot.launch(Knot.java:153) [fabric-loader-0.11.6.jar:?]
	at net.fabricmc.loader.launch.knot.KnotClient.main(KnotClient.java:28) [fabric-loader-0.11.6.jar:?]
	at net.fabricmc.devlaunchinjector.Main.main(Main.java:86) [dev-launch-injector-0.2.1+build.8.jar:?]
[14:17:01] [main/WARN] (FileUtil) Configuration conflict: there is more than one oshi.properties file on the classpath
[14:17:15] [main/WARN] (FileUtil) Configuration conflict: there is more than one oshi.architecture.properties file on the classpath
